<?xml version="1.0" encoding="UTF-8"?>
<TestRun id="0afd1022-4521-4b63-af0e-660bd19f4f63" name="hevtimov@HEVTIMOV-PC 2013-12-21 21:42:06" runUser="hevtimov-PC\hevtimov" xmlns="http://microsoft.com/schemas/VisualStudio/TeamTest/2010">
  <TestSettings name="Local" id="42aaf124-e037-48c0-99b0-4f81207af726">
    <Description>These are default test settings for a local test run.</Description>
    <Deployment enabled="false" runDeploymentRoot="hevtimov_HEVTIMOV-PC 2013-12-21 21_42_06">
      <DeploymentItem filename="C:\DEVELOPMENT\TFS\jobs website\Main\httpdocs\bin\HristoEvtimov.Websites.Work.WorkDal.dll" />
      <DeploymentItem filename="C:\DEVELOPMENT\TFS\jobs website\Main\httpdocs\bin\HristoEvtimov.Websites.Work.WorkLibrary.dll" />
    </Deployment>
    <Execution>
      <Hosts type="ASP.NET">
        <AspNet name="ASP.NET" executionType="Iis" urlToTest="http://work.evtimov/" />
      </Hosts>
      <TestTypeSpecific>
        <UnitTestRunConfig testTypeId="13cdc9d9-ddb5-4fa4-a97d-d965ccfc6d4b">
          <AssemblyResolution>
            <TestDirectory useLoadContext="true" />
          </AssemblyResolution>
        </UnitTestRunConfig>
      </TestTypeSpecific>
      <AgentRule name="Execution Agents">
      </AgentRule>
    </Execution>
  </TestSettings>
  <Times creation="2013-12-21T21:42:06.2907621-06:00" queuing="2013-12-21T21:42:07.4568287-06:00" start="2013-12-21T21:42:07.4728297-06:00" finish="2013-12-21T21:42:07.5298329-06:00" />
  <ResultSummary outcome="Error">
    <Counters total="3" executed="3" error="3" failed="0" timeout="0" aborted="0" inconclusive="0" passedButRunAborted="0" notRunnable="0" notExecuted="0" disconnected="0" warning="0" passed="0" completed="0" inProgress="0" pending="0" />
    <RunInfos>
      <RunInfo computerName="HEVTIMOV-PC" outcome="Error" timestamp="2013-12-21T21:42:07.5038314-06:00">
        <Text>The test adapter ('Microsoft.VisualStudio.TestTools.HostAdapters.WebHostAdapter, Microsoft.VisualStudio.QualityTools.HostAdapters.ASPNETAgent, Version=10.0.0.0, Culture=neutral, PublicKeyToken=b03f5f7f11d50a3a') required to execute this test could not be loaded. Check that the test adapter is installed properly. The URL specified ('http://work.evtimov/') does not correspond to a valid directory. Tests configured to run in ASP.NET in IIS require a valid directory to exist for the URL. The URL may be invalid or may not point to a valid Web application.</Text>
      </RunInfo>
    </RunInfos>
  </ResultSummary>
  <TestDefinitions>
    <UnitTest name="AccountEmailVerification_CreateEmail_ShouldReturnTrue" storage="c:\development\tfs\jobs website\main\work\worktests\bin\debug\worktests.dll" id="86268f4a-5134-5e84-df8c-506e11ef3a05">
      <Execution id="36adc12e-edb8-402f-a7d9-e87efdb79389" />
      <TestMethod codeBase="C:/DEVELOPMENT/TFS/jobs website/Main/Work/WorkTests/bin/Debug/WorkTests.DLL" adapterTypeName="Microsoft.VisualStudio.TestTools.TestTypes.Unit.UnitTestAdapter, Microsoft.VisualStudio.QualityTools.Tips.UnitTest.Adapter, Version=10.0.0.0, Culture=neutral, PublicKeyToken=b03f5f7f11d50a3a" className="WorkTests.UserAccountTest, WorkTests, Version=1.0.0.0, Culture=neutral, PublicKeyToken=null" name="AccountEmailVerification_CreateEmail_ShouldReturnTrue" />
      <AspNet webSiteUrl="http://work.evtimov/" />
    </UnitTest>
    <UnitTest name="XsltTest_XsltTemplatePaths_ShouldExistInWebConfig" storage="c:\development\tfs\jobs website\main\work\worktests\bin\debug\worktests.dll" id="5878e557-d467-b8b0-ec60-192bee13d715">
      <Execution id="78f7c8d4-81f4-480c-8126-1307a3485dfc" />
      <TestMethod codeBase="C:/DEVELOPMENT/TFS/jobs website/Main/Work/WorkTests/bin/Debug/WorkTests.DLL" adapterTypeName="Microsoft.VisualStudio.TestTools.TestTypes.Unit.UnitTestAdapter, Microsoft.VisualStudio.QualityTools.Tips.UnitTest.Adapter, Version=10.0.0.0, Culture=neutral, PublicKeyToken=b03f5f7f11d50a3a" className="WorkTests.XsltTest, WorkTests, Version=1.0.0.0, Culture=neutral, PublicKeyToken=null" name="XsltTest_XsltTemplatePaths_ShouldExistInWebConfig" />
    </UnitTest>
    <UnitTest name="EmailTest_EmailSubject_ShouldContainText" storage="c:\development\tfs\jobs website\main\work\worktests\bin\debug\worktests.dll" id="b7e059a4-18fd-990e-cffb-e5e839c9171e">
      <Execution id="471c989c-4ce1-4f0f-9950-e7a31e3068a0" />
      <TestMethod codeBase="C:/DEVELOPMENT/TFS/jobs website/Main/Work/WorkTests/bin/Debug/WorkTests.DLL" adapterTypeName="Microsoft.VisualStudio.TestTools.TestTypes.Unit.UnitTestAdapter, Microsoft.VisualStudio.QualityTools.Tips.UnitTest.Adapter, Version=10.0.0.0, Culture=neutral, PublicKeyToken=b03f5f7f11d50a3a" className="WorkTests.EmailTest, WorkTests, Version=1.0.0.0, Culture=neutral, PublicKeyToken=null" name="EmailTest_EmailSubject_ShouldContainText" />
    </UnitTest>
  </TestDefinitions>
  <TestLists>
    <TestList name="Results Not in a List" id="8c84fa94-04c1-424b-9868-57a2d4851a1d" />
    <TestList name="All Loaded Results" id="19431567-8539-422a-85d7-44ee4e166bda" />
  </TestLists>
  <TestEntries>
    <TestEntry testId="5878e557-d467-b8b0-ec60-192bee13d715" executionId="78f7c8d4-81f4-480c-8126-1307a3485dfc" testListId="8c84fa94-04c1-424b-9868-57a2d4851a1d" />
    <TestEntry testId="86268f4a-5134-5e84-df8c-506e11ef3a05" executionId="36adc12e-edb8-402f-a7d9-e87efdb79389" testListId="8c84fa94-04c1-424b-9868-57a2d4851a1d" />
    <TestEntry testId="b7e059a4-18fd-990e-cffb-e5e839c9171e" executionId="471c989c-4ce1-4f0f-9950-e7a31e3068a0" testListId="8c84fa94-04c1-424b-9868-57a2d4851a1d" />
  </TestEntries>
  <Results>
    <UnitTestResult executionId="78f7c8d4-81f4-480c-8126-1307a3485dfc" testId="5878e557-d467-b8b0-ec60-192bee13d715" testName="XsltTest_XsltTemplatePaths_ShouldExistInWebConfig" computerName="HEVTIMOV-PC" endTime="2013-12-21T21:42:07.4978311-06:00" testType="13cdc9d9-ddb5-4fa4-a97d-d965ccfc6d4b" testListId="8c84fa94-04c1-424b-9868-57a2d4851a1d" relativeResultsDirectory="78f7c8d4-81f4-480c-8126-1307a3485dfc">
      <Output>
        <ErrorInfo>
          <Message>The test adapter ('Microsoft.VisualStudio.TestTools.TestTypes.Unit.UnitTestAdapter, Microsoft.VisualStudio.QualityTools.Tips.UnitTest.Adapter, Version=10.0.0.0, Culture=neutral, PublicKeyToken=b03f5f7f11d50a3a') required to execute this test could not be loaded. Check that the test adapter is installed properly. The URL specified ('http://work.evtimov/') does not correspond to a valid directory. Tests configured to run in ASP.NET in IIS require a valid directory to exist for the URL. The URL may be invalid or may not point to a valid Web application.</Message>
        </ErrorInfo>
      </Output>
    </UnitTestResult>
    <UnitTestResult executionId="36adc12e-edb8-402f-a7d9-e87efdb79389" testId="86268f4a-5134-5e84-df8c-506e11ef3a05" testName="AccountEmailVerification_CreateEmail_ShouldReturnTrue" computerName="HEVTIMOV-PC" endTime="2013-12-21T21:42:07.4988311-06:00" testType="13cdc9d9-ddb5-4fa4-a97d-d965ccfc6d4b" testListId="8c84fa94-04c1-424b-9868-57a2d4851a1d" relativeResultsDirectory="36adc12e-edb8-402f-a7d9-e87efdb79389">
      <Output>
        <ErrorInfo>
          <Message>The test adapter ('Microsoft.VisualStudio.TestTools.HostAdapters.WebHostAdapter, Microsoft.VisualStudio.QualityTools.HostAdapters.ASPNETAgent, Version=10.0.0.0, Culture=neutral, PublicKeyToken=b03f5f7f11d50a3a') required to execute this test could not be loaded. Check that the test adapter is installed properly. </Message>
        </ErrorInfo>
      </Output>
    </UnitTestResult>
    <UnitTestResult executionId="471c989c-4ce1-4f0f-9950-e7a31e3068a0" testId="b7e059a4-18fd-990e-cffb-e5e839c9171e" testName="EmailTest_EmailSubject_ShouldContainText" computerName="HEVTIMOV-PC" endTime="2013-12-21T21:42:07.4998312-06:00" testType="13cdc9d9-ddb5-4fa4-a97d-d965ccfc6d4b" testListId="8c84fa94-04c1-424b-9868-57a2d4851a1d" relativeResultsDirectory="471c989c-4ce1-4f0f-9950-e7a31e3068a0">
      <Output>
        <ErrorInfo>
          <Message>The test adapter ('Microsoft.VisualStudio.TestTools.HostAdapters.WebHostAdapter, Microsoft.VisualStudio.QualityTools.HostAdapters.ASPNETAgent, Version=10.0.0.0, Culture=neutral, PublicKeyToken=b03f5f7f11d50a3a') required to execute this test could not be loaded. Check that the test adapter is installed properly. </Message>
        </ErrorInfo>
      </Output>
    </UnitTestResult>
  </Results>
</TestRun>