<?xml version="1.0" encoding="UTF-8"?>
<TestRun id="30793700-973c-49b3-af2d-52b866c10fdd" name="hevtimov@HEVTIMOV-PC 2013-12-17 08:04:22" runUser="hevtimov-PC\hevtimov" xmlns="http://microsoft.com/schemas/VisualStudio/TeamTest/2010">
  <TestSettings name="Local" id="42aaf124-e037-48c0-99b0-4f81207af726">
    <Description>These are default test settings for a local test run.</Description>
    <Deployment enabled="false" runDeploymentRoot="hevtimov_HEVTIMOV-PC 2013-12-17 08_04_22">
      <DeploymentItem filename="C:\DEVELOPMENT\TFS\jobs website\Main\httpdocs\bin\HristoEvtimov.Websites.Work.WorkDal.dll" />
      <DeploymentItem filename="C:\DEVELOPMENT\TFS\jobs website\Main\httpdocs\bin\HristoEvtimov.Websites.Work.WorkLibrary.dll" />
    </Deployment>
    <Execution>
      <TestTypeSpecific>
        <UnitTestRunConfig testTypeId="13cdc9d9-ddb5-4fa4-a97d-d965ccfc6d4b">
          <AssemblyResolution>
            <TestDirectory useLoadContext="true" />
            <RuntimeResolution>
              <Directory path="%SystemDrive%\DEVELOPMENT\TFS\jobs website\Main\httpdocs" includeSubDirectories="true" />
            </RuntimeResolution>
          </AssemblyResolution>
        </UnitTestRunConfig>
      </TestTypeSpecific>
      <AgentRule name="Execution Agents">
      </AgentRule>
    </Execution>
  </TestSettings>
  <Times creation="2013-12-17T08:04:22.3327743-06:00" queuing="2013-12-17T08:04:25.5569588-06:00" start="2013-12-17T08:04:25.7739712-06:00" finish="2013-12-17T08:05:11.7376001-06:00" />
  <ResultSummary outcome="Failed">
    <Counters total="1" executed="1" error="0" failed="1" timeout="0" aborted="0" inconclusive="0" passedButRunAborted="0" notRunnable="0" notExecuted="0" disconnected="0" warning="0" passed="0" completed="0" inProgress="0" pending="0" />
  </ResultSummary>
  <TestDefinitions>
    <UnitTest name="AccountEmailVerification_CreateEmail_ShouldReturnTrue" storage="c:\development\tfs\jobs website\main\work\worktests\bin\debug\worktests.dll" id="86268f4a-5134-5e84-df8c-506e11ef3a05">
      <Execution id="9736503b-81e7-4b7b-a06e-07d73b70dedf" />
      <TestMethod codeBase="C:/DEVELOPMENT/TFS/jobs website/Main/Work/WorkTests/bin/Debug/WorkTests.DLL" adapterTypeName="Microsoft.VisualStudio.TestTools.TestTypes.Unit.UnitTestAdapter, Microsoft.VisualStudio.QualityTools.Tips.UnitTest.Adapter, Version=10.0.0.0, Culture=neutral, PublicKeyToken=b03f5f7f11d50a3a" className="WorkTests.UserAccountTest, WorkTests, Version=1.0.0.0, Culture=neutral, PublicKeyToken=null" name="AccountEmailVerification_CreateEmail_ShouldReturnTrue" />
    </UnitTest>
  </TestDefinitions>
  <TestLists>
    <TestList name="Results Not in a List" id="8c84fa94-04c1-424b-9868-57a2d4851a1d" />
    <TestList name="All Loaded Results" id="19431567-8539-422a-85d7-44ee4e166bda" />
  </TestLists>
  <TestEntries>
    <TestEntry testId="86268f4a-5134-5e84-df8c-506e11ef3a05" executionId="9736503b-81e7-4b7b-a06e-07d73b70dedf" testListId="8c84fa94-04c1-424b-9868-57a2d4851a1d" />
  </TestEntries>
  <Results>
    <UnitTestResult executionId="9736503b-81e7-4b7b-a06e-07d73b70dedf" testId="86268f4a-5134-5e84-df8c-506e11ef3a05" testName="AccountEmailVerification_CreateEmail_ShouldReturnTrue" computerName="HEVTIMOV-PC" duration="00:00:44.1574558" startTime="2013-12-17T08:04:25.9709824-06:00" endTime="2013-12-17T08:05:11.6175933-06:00" testType="13cdc9d9-ddb5-4fa4-a97d-d965ccfc6d4b" outcome="Failed" testListId="8c84fa94-04c1-424b-9868-57a2d4851a1d" relativeResultsDirectory="9736503b-81e7-4b7b-a06e-07d73b70dedf">
      <Output>
        <ErrorInfo>
          <Message>Assert.AreEqual failed. Expected:&lt;True&gt;. Actual:&lt;False&gt;. </Message>
          <StackTrace>   at WorkTests.UserAccountTest.AccountEmailVerification_CreateEmail_ShouldReturnTrue() in C:\DEVELOPMENT\TFS\jobs website\Main\Work\WorkTests\UserAccountTest.cs:line 79
</StackTrace>
        </ErrorInfo>
      </Output>
    </UnitTestResult>
  </Results>
</TestRun>