<?xml version="1.0" encoding="UTF-8"?>
<TestRun id="a92e265f-499a-40d3-a405-f27bc39fd0a2" name="hevtimov@HEVTIMOV-PC 2013-12-17 07:53:21" runUser="hevtimov-PC\hevtimov" xmlns="http://microsoft.com/schemas/VisualStudio/TeamTest/2010">
  <TestSettings name="Local" id="42aaf124-e037-48c0-99b0-4f81207af726">
    <Description>These are default test settings for a local test run.</Description>
    <Deployment enabled="false" runDeploymentRoot="hevtimov_HEVTIMOV-PC 2013-12-17 07_53_21">
      <DeploymentItem filename="C:\DEVELOPMENT\TFS\jobs website\Main\httpdocs\bin\HristoEvtimov.Websites.Work.WorkDal.dll" />
      <DeploymentItem filename="C:\DEVELOPMENT\TFS\jobs website\Main\httpdocs\bin\HristoEvtimov.Websites.Work.WorkLibrary.dll" />
    </Deployment>
    <Execution>
      <TestTypeSpecific>
        <UnitTestRunConfig testTypeId="13cdc9d9-ddb5-4fa4-a97d-d965ccfc6d4b">
          <AssemblyResolution>
            <TestDirectory useLoadContext="true" />
            <RuntimeResolution>
              <Directory path="%SystemDrive%\DEVELOPMENT\TFS\jobs website\Main\httpdocs" includeSubDirectories="true" />
            </RuntimeResolution>
          </AssemblyResolution>
        </UnitTestRunConfig>
      </TestTypeSpecific>
      <AgentRule name="Execution Agents">
      </AgentRule>
    </Execution>
  </TestSettings>
  <Times creation="2013-12-17T07:53:21.0319501-06:00" queuing="2013-12-17T07:53:23.9071145-06:00" start="2013-12-17T07:53:24.1861305-06:00" finish="2013-12-17T07:54:01.4882641-06:00" />
  <ResultSummary outcome="Failed">
    <Counters total="1" executed="1" error="0" failed="1" timeout="0" aborted="0" inconclusive="0" passedButRunAborted="0" notRunnable="0" notExecuted="0" disconnected="0" warning="0" passed="0" completed="0" inProgress="0" pending="0" />
  </ResultSummary>
  <TestDefinitions>
    <UnitTest name="AccountEmailVerification_CreateEmail_ShouldReturnTrue" storage="c:\development\tfs\jobs website\main\work\worktests\bin\debug\worktests.dll" id="86268f4a-5134-5e84-df8c-506e11ef3a05">
      <Execution id="a34e1e51-ae49-40fc-9153-7f707c25eb7b" />
      <TestMethod codeBase="C:/DEVELOPMENT/TFS/jobs website/Main/Work/WorkTests/bin/Debug/WorkTests.DLL" adapterTypeName="Microsoft.VisualStudio.TestTools.TestTypes.Unit.UnitTestAdapter, Microsoft.VisualStudio.QualityTools.Tips.UnitTest.Adapter, Version=10.0.0.0, Culture=neutral, PublicKeyToken=b03f5f7f11d50a3a" className="WorkTests.UserAccountTest, WorkTests, Version=1.0.0.0, Culture=neutral, PublicKeyToken=null" name="AccountEmailVerification_CreateEmail_ShouldReturnTrue" />
    </UnitTest>
  </TestDefinitions>
  <TestLists>
    <TestList name="Results Not in a List" id="8c84fa94-04c1-424b-9868-57a2d4851a1d" />
    <TestList name="All Loaded Results" id="19431567-8539-422a-85d7-44ee4e166bda" />
  </TestLists>
  <TestEntries>
    <TestEntry testId="86268f4a-5134-5e84-df8c-506e11ef3a05" executionId="a34e1e51-ae49-40fc-9153-7f707c25eb7b" testListId="8c84fa94-04c1-424b-9868-57a2d4851a1d" />
  </TestEntries>
  <Results>
    <UnitTestResult executionId="a34e1e51-ae49-40fc-9153-7f707c25eb7b" testId="86268f4a-5134-5e84-df8c-506e11ef3a05" testName="AccountEmailVerification_CreateEmail_ShouldReturnTrue" computerName="HEVTIMOV-PC" duration="00:00:35.3932587" startTime="2013-12-17T07:53:24.4561459-06:00" endTime="2013-12-17T07:54:01.3742575-06:00" testType="13cdc9d9-ddb5-4fa4-a97d-d965ccfc6d4b" outcome="Failed" testListId="8c84fa94-04c1-424b-9868-57a2d4851a1d" relativeResultsDirectory="a34e1e51-ae49-40fc-9153-7f707c25eb7b">
      <Output>
        <ErrorInfo>
          <Message>Assert.AreEqual failed. Expected:&lt;True&gt;. Actual:&lt;False&gt;. </Message>
          <StackTrace>   at WorkTests.UserAccountTest.AccountEmailVerification_CreateEmail_ShouldReturnTrue() in C:\DEVELOPMENT\TFS\jobs website\Main\Work\WorkTests\UserAccountTest.cs:line 79
</StackTrace>
        </ErrorInfo>
      </Output>
    </UnitTestResult>
  </Results>
</TestRun>