<?xml version="1.0" encoding="UTF-8"?>
<TestRun id="820fca09-f558-4634-bcbe-8c681d1c2f28" name="hevtimov@HEVTIMOV-PC 2013-12-17 18:20:50" runUser="hevtimov-PC\hevtimov" xmlns="http://microsoft.com/schemas/VisualStudio/TeamTest/2010">
  <TestSettings name="Local" id="42aaf124-e037-48c0-99b0-4f81207af726">
    <Description>These are default test settings for a local test run.</Description>
    <Deployment enabled="false" runDeploymentRoot="hevtimov_HEVTIMOV-PC 2013-12-17 18_20_50">
      <DeploymentItem filename="C:\DEVELOPMENT\TFS\jobs website\Main\httpdocs\bin\HristoEvtimov.Websites.Work.WorkDal.dll" />
      <DeploymentItem filename="C:\DEVELOPMENT\TFS\jobs website\Main\httpdocs\bin\HristoEvtimov.Websites.Work.WorkLibrary.dll" />
    </Deployment>
    <Execution>
      <TestTypeSpecific>
        <UnitTestRunConfig testTypeId="13cdc9d9-ddb5-4fa4-a97d-d965ccfc6d4b">
          <AssemblyResolution>
            <TestDirectory useLoadContext="true" />
            <RuntimeResolution>
              <Directory path="%SystemDrive%\DEVELOPMENT\TFS\jobs website\Main\httpdocs" includeSubDirectories="true" />
            </RuntimeResolution>
          </AssemblyResolution>
        </UnitTestRunConfig>
      </TestTypeSpecific>
      <AgentRule name="Execution Agents">
      </AgentRule>
    </Execution>
  </TestSettings>
  <Times creation="2013-12-17T18:20:50.1794765-06:00" queuing="2013-12-17T18:20:53.7896830-06:00" start="2013-12-17T18:20:54.0836999-06:00" finish="2013-12-17T18:21:25.9445222-06:00" />
  <ResultSummary outcome="Failed">
    <Counters total="1" executed="1" error="0" failed="1" timeout="0" aborted="0" inconclusive="0" passedButRunAborted="0" notRunnable="0" notExecuted="0" disconnected="0" warning="0" passed="0" completed="0" inProgress="0" pending="0" />
  </ResultSummary>
  <TestDefinitions>
    <UnitTest name="XsltTest_XsltTemplatePaths_ShouldExistInWebConfig" storage="c:\development\tfs\jobs website\main\work\worktests\bin\debug\worktests.dll" id="5878e557-d467-b8b0-ec60-192bee13d715">
      <Execution id="4d45614f-f4ec-4942-8d00-52796d06193f" />
      <TestMethod codeBase="C:/DEVELOPMENT/TFS/jobs website/Main/Work/WorkTests/bin/Debug/WorkTests.DLL" adapterTypeName="Microsoft.VisualStudio.TestTools.TestTypes.Unit.UnitTestAdapter, Microsoft.VisualStudio.QualityTools.Tips.UnitTest.Adapter, Version=10.0.0.0, Culture=neutral, PublicKeyToken=b03f5f7f11d50a3a" className="WorkTests.XsltTest, WorkTests, Version=1.0.0.0, Culture=neutral, PublicKeyToken=null" name="XsltTest_XsltTemplatePaths_ShouldExistInWebConfig" />
    </UnitTest>
  </TestDefinitions>
  <TestLists>
    <TestList name="Results Not in a List" id="8c84fa94-04c1-424b-9868-57a2d4851a1d" />
    <TestList name="All Loaded Results" id="19431567-8539-422a-85d7-44ee4e166bda" />
  </TestLists>
  <TestEntries>
    <TestEntry testId="5878e557-d467-b8b0-ec60-192bee13d715" executionId="4d45614f-f4ec-4942-8d00-52796d06193f" testListId="8c84fa94-04c1-424b-9868-57a2d4851a1d" />
  </TestEntries>
  <Results>
    <UnitTestResult executionId="4d45614f-f4ec-4942-8d00-52796d06193f" testId="5878e557-d467-b8b0-ec60-192bee13d715" testName="XsltTest_XsltTemplatePaths_ShouldExistInWebConfig" computerName="HEVTIMOV-PC" duration="00:00:29.8749338" startTime="2013-12-17T18:20:54.3857171-06:00" endTime="2013-12-17T18:21:25.8135147-06:00" testType="13cdc9d9-ddb5-4fa4-a97d-d965ccfc6d4b" outcome="Failed" testListId="8c84fa94-04c1-424b-9868-57a2d4851a1d" relativeResultsDirectory="4d45614f-f4ec-4942-8d00-52796d06193f">
      <Output>
        <ErrorInfo>
          <Message>Test method WorkTests.XsltTest.XsltTest_XsltTemplatePaths_ShouldExistInWebConfig threw exception: 
System.NullReferenceException: Object reference not set to an instance of an object.</Message>
          <StackTrace>    at WorkTests.XsltTest.XsltTest_XsltTemplatePaths_ShouldExistInWebConfig() in C:\DEVELOPMENT\TFS\jobs website\Main\Work\WorkTests\XsltTest.cs:line 73
</StackTrace>
        </ErrorInfo>
      </Output>
    </UnitTestResult>
  </Results>
</TestRun>