<?xml version="1.0" encoding="UTF-8"?>
<TestRun id="315cac1a-18db-44d3-acf1-523b0d627ab7" name="hevtimov@HEVTIMOV-PC 2013-12-21 21:51:49" runUser="hevtimov-PC\hevtimov" xmlns="http://microsoft.com/schemas/VisualStudio/TeamTest/2010">
  <TestSettings name="Local" id="42aaf124-e037-48c0-99b0-4f81207af726">
    <Description>These are default test settings for a local test run.</Description>
    <Deployment enabled="false" runDeploymentRoot="hevtimov_HEVTIMOV-PC 2013-12-21 21_51_49">
      <DeploymentItem filename="C:\DEVELOPMENT\TFS\jobs website\Main\httpdocs\bin\HristoEvtimov.Websites.Work.WorkDal.dll" />
      <DeploymentItem filename="C:\DEVELOPMENT\TFS\jobs website\Main\httpdocs\bin\HristoEvtimov.Websites.Work.WorkLibrary.dll" />
    </Deployment>
    <Execution hostProcessPlatform="MSIL">
      <Hosts type="ASP.NET">
        <AspNet name="ASP.NET" executionType="Iis" />
      </Hosts>
      <TestTypeSpecific>
        <UnitTestRunConfig testTypeId="13cdc9d9-ddb5-4fa4-a97d-d965ccfc6d4b">
          <AssemblyResolution>
            <TestDirectory useLoadContext="true" />
          </AssemblyResolution>
        </UnitTestRunConfig>
      </TestTypeSpecific>
      <AgentRule name="Execution Agents">
      </AgentRule>
    </Execution>
  </TestSettings>
  <Times creation="2013-12-21T21:51:49.5211209-06:00" queuing="2013-12-21T21:51:50.7241897-06:00" start="2013-12-21T21:51:50.7551915-06:00" finish="2013-12-21T21:51:50.7781928-06:00" />
  <ResultSummary outcome="Error">
    <Counters total="3" executed="3" error="3" failed="0" timeout="0" aborted="0" inconclusive="0" passedButRunAborted="0" notRunnable="0" notExecuted="0" disconnected="0" warning="0" passed="0" completed="0" inProgress="0" pending="0" />
  </ResultSummary>
  <TestDefinitions>
    <UnitTest name="AccountEmailVerification_CreateEmail_ShouldReturnTrue" storage="c:\development\tfs\jobs website\main\work\worktests\bin\debug\worktests.dll" id="86268f4a-5134-5e84-df8c-506e11ef3a05">
      <Execution id="f4fd70a3-3303-4eea-8681-cea2a9989a45" />
      <TestMethod codeBase="C:/DEVELOPMENT/TFS/jobs website/Main/Work/WorkTests/bin/Debug/WorkTests.DLL" adapterTypeName="Microsoft.VisualStudio.TestTools.TestTypes.Unit.UnitTestAdapter, Microsoft.VisualStudio.QualityTools.Tips.UnitTest.Adapter, Version=10.0.0.0, Culture=neutral, PublicKeyToken=b03f5f7f11d50a3a" className="WorkTests.UserAccountTest, WorkTests, Version=1.0.0.0, Culture=neutral, PublicKeyToken=null" name="AccountEmailVerification_CreateEmail_ShouldReturnTrue" />
      <AspNet webSiteUrl="http://work.evtimov/" />
    </UnitTest>
    <UnitTest name="XsltTest_XsltTemplatePaths_ShouldExistInWebConfig" storage="c:\development\tfs\jobs website\main\work\worktests\bin\debug\worktests.dll" id="5878e557-d467-b8b0-ec60-192bee13d715">
      <Execution id="f138934c-1af5-4133-8813-01f4eb5d3bf7" />
      <TestMethod codeBase="C:/DEVELOPMENT/TFS/jobs website/Main/Work/WorkTests/bin/Debug/WorkTests.DLL" adapterTypeName="Microsoft.VisualStudio.TestTools.TestTypes.Unit.UnitTestAdapter, Microsoft.VisualStudio.QualityTools.Tips.UnitTest.Adapter, Version=10.0.0.0, Culture=neutral, PublicKeyToken=b03f5f7f11d50a3a" className="WorkTests.XsltTest, WorkTests, Version=1.0.0.0, Culture=neutral, PublicKeyToken=null" name="XsltTest_XsltTemplatePaths_ShouldExistInWebConfig" />
    </UnitTest>
    <UnitTest name="EmailTest_EmailSubject_ShouldContainText" storage="c:\development\tfs\jobs website\main\work\worktests\bin\debug\worktests.dll" id="b7e059a4-18fd-990e-cffb-e5e839c9171e">
      <Execution id="a07053ac-e0c3-4538-a578-8d471000dc9d" />
      <TestMethod codeBase="C:/DEVELOPMENT/TFS/jobs website/Main/Work/WorkTests/bin/Debug/WorkTests.DLL" adapterTypeName="Microsoft.VisualStudio.TestTools.TestTypes.Unit.UnitTestAdapter, Microsoft.VisualStudio.QualityTools.Tips.UnitTest.Adapter, Version=10.0.0.0, Culture=neutral, PublicKeyToken=b03f5f7f11d50a3a" className="WorkTests.EmailTest, WorkTests, Version=1.0.0.0, Culture=neutral, PublicKeyToken=null" name="EmailTest_EmailSubject_ShouldContainText" />
    </UnitTest>
  </TestDefinitions>
  <TestLists>
    <TestList name="Results Not in a List" id="8c84fa94-04c1-424b-9868-57a2d4851a1d" />
    <TestList name="All Loaded Results" id="19431567-8539-422a-85d7-44ee4e166bda" />
  </TestLists>
  <TestEntries>
    <TestEntry testId="5878e557-d467-b8b0-ec60-192bee13d715" executionId="f138934c-1af5-4133-8813-01f4eb5d3bf7" testListId="8c84fa94-04c1-424b-9868-57a2d4851a1d" />
    <TestEntry testId="86268f4a-5134-5e84-df8c-506e11ef3a05" executionId="f4fd70a3-3303-4eea-8681-cea2a9989a45" testListId="8c84fa94-04c1-424b-9868-57a2d4851a1d" />
    <TestEntry testId="b7e059a4-18fd-990e-cffb-e5e839c9171e" executionId="a07053ac-e0c3-4538-a578-8d471000dc9d" testListId="8c84fa94-04c1-424b-9868-57a2d4851a1d" />
  </TestEntries>
  <Results>
    <UnitTestResult executionId="f138934c-1af5-4133-8813-01f4eb5d3bf7" testId="5878e557-d467-b8b0-ec60-192bee13d715" testName="XsltTest_XsltTemplatePaths_ShouldExistInWebConfig" computerName="HEVTIMOV-PC" endTime="2013-12-21T21:51:50.7631920-06:00" testType="13cdc9d9-ddb5-4fa4-a97d-d965ccfc6d4b" testListId="8c84fa94-04c1-424b-9868-57a2d4851a1d" relativeResultsDirectory="f138934c-1af5-4133-8813-01f4eb5d3bf7">
      <Output>
        <ErrorInfo>
          <Message>The host type 'ASP.NET' cannot be loaded for the following reason: The key 'ASP.NET' cannot be found.</Message>
        </ErrorInfo>
      </Output>
    </UnitTestResult>
    <UnitTestResult executionId="f4fd70a3-3303-4eea-8681-cea2a9989a45" testId="86268f4a-5134-5e84-df8c-506e11ef3a05" testName="AccountEmailVerification_CreateEmail_ShouldReturnTrue" computerName="HEVTIMOV-PC" endTime="2013-12-21T21:51:50.7641920-06:00" testType="13cdc9d9-ddb5-4fa4-a97d-d965ccfc6d4b" testListId="8c84fa94-04c1-424b-9868-57a2d4851a1d" relativeResultsDirectory="f4fd70a3-3303-4eea-8681-cea2a9989a45">
      <Output>
        <ErrorInfo>
          <Message>The host type 'ASP.NET' cannot be loaded for the following reason: The key 'ASP.NET' cannot be found.</Message>
        </ErrorInfo>
      </Output>
    </UnitTestResult>
    <UnitTestResult executionId="a07053ac-e0c3-4538-a578-8d471000dc9d" testId="b7e059a4-18fd-990e-cffb-e5e839c9171e" testName="EmailTest_EmailSubject_ShouldContainText" computerName="HEVTIMOV-PC" endTime="2013-12-21T21:51:50.7661921-06:00" testType="13cdc9d9-ddb5-4fa4-a97d-d965ccfc6d4b" testListId="8c84fa94-04c1-424b-9868-57a2d4851a1d" relativeResultsDirectory="a07053ac-e0c3-4538-a578-8d471000dc9d">
      <Output>
        <ErrorInfo>
          <Message>The host type 'ASP.NET' cannot be loaded for the following reason: The key 'ASP.NET' cannot be found.</Message>
        </ErrorInfo>
      </Output>
    </UnitTestResult>
  </Results>
</TestRun>