<?xml version="1.0" encoding="UTF-8"?>
<TestRun id="d673999f-b7f8-423e-9709-3e8caae0d1d1" name="hevtimov@HEVTIMOV-PC 2013-12-17 18:09:26" runUser="hevtimov-PC\hevtimov" xmlns="http://microsoft.com/schemas/VisualStudio/TeamTest/2010">
  <TestSettings name="Local" id="42aaf124-e037-48c0-99b0-4f81207af726">
    <Description>These are default test settings for a local test run.</Description>
    <Deployment enabled="false" runDeploymentRoot="hevtimov_HEVTIMOV-PC 2013-12-17 18_09_26">
      <DeploymentItem filename="C:\DEVELOPMENT\TFS\jobs website\Main\httpdocs\bin\HristoEvtimov.Websites.Work.WorkDal.dll" />
      <DeploymentItem filename="C:\DEVELOPMENT\TFS\jobs website\Main\httpdocs\bin\HristoEvtimov.Websites.Work.WorkLibrary.dll" />
    </Deployment>
    <Execution>
      <TestTypeSpecific>
        <UnitTestRunConfig testTypeId="13cdc9d9-ddb5-4fa4-a97d-d965ccfc6d4b">
          <AssemblyResolution>
            <TestDirectory useLoadContext="true" />
            <RuntimeResolution>
              <Directory path="%SystemDrive%\DEVELOPMENT\TFS\jobs website\Main\httpdocs" includeSubDirectories="true" />
            </RuntimeResolution>
          </AssemblyResolution>
        </UnitTestRunConfig>
      </TestTypeSpecific>
      <AgentRule name="Execution Agents">
      </AgentRule>
    </Execution>
  </TestSettings>
  <Times creation="2013-12-17T18:09:26.7123845-06:00" queuing="2013-12-17T18:09:31.2466438-06:00" start="2013-12-17T18:09:31.6576673-06:00" finish="2013-12-17T18:09:40.3911668-06:00" />
  <ResultSummary outcome="Failed">
    <Counters total="1" executed="1" error="0" failed="1" timeout="0" aborted="0" inconclusive="0" passedButRunAborted="0" notRunnable="0" notExecuted="0" disconnected="0" warning="0" passed="0" completed="0" inProgress="0" pending="0" />
  </ResultSummary>
  <TestDefinitions>
    <UnitTest name="EmailTest_EmailSubject_ShouldContainText" storage="c:\development\tfs\jobs website\main\work\worktests\bin\debug\worktests.dll" id="b7e059a4-18fd-990e-cffb-e5e839c9171e">
      <Execution id="ec60e15c-d693-4fe6-8092-fb4769159460" />
      <TestMethod codeBase="C:/DEVELOPMENT/TFS/jobs website/Main/Work/WorkTests/bin/Debug/WorkTests.DLL" adapterTypeName="Microsoft.VisualStudio.TestTools.TestTypes.Unit.UnitTestAdapter, Microsoft.VisualStudio.QualityTools.Tips.UnitTest.Adapter, Version=10.0.0.0, Culture=neutral, PublicKeyToken=b03f5f7f11d50a3a" className="WorkTests.EmailTest, WorkTests, Version=1.0.0.0, Culture=neutral, PublicKeyToken=null" name="EmailTest_EmailSubject_ShouldContainText" />
    </UnitTest>
  </TestDefinitions>
  <TestLists>
    <TestList name="Results Not in a List" id="8c84fa94-04c1-424b-9868-57a2d4851a1d" />
    <TestList name="All Loaded Results" id="19431567-8539-422a-85d7-44ee4e166bda" />
  </TestLists>
  <TestEntries>
    <TestEntry testId="b7e059a4-18fd-990e-cffb-e5e839c9171e" executionId="ec60e15c-d693-4fe6-8092-fb4769159460" testListId="8c84fa94-04c1-424b-9868-57a2d4851a1d" />
  </TestEntries>
  <Results>
    <UnitTestResult executionId="ec60e15c-d693-4fe6-8092-fb4769159460" testId="b7e059a4-18fd-990e-cffb-e5e839c9171e" testName="EmailTest_EmailSubject_ShouldContainText" computerName="HEVTIMOV-PC" duration="00:00:06.8762946" startTime="2013-12-17T18:09:31.9326830-06:00" endTime="2013-12-17T18:09:40.2801605-06:00" testType="13cdc9d9-ddb5-4fa4-a97d-d965ccfc6d4b" outcome="Failed" testListId="8c84fa94-04c1-424b-9868-57a2d4851a1d" relativeResultsDirectory="ec60e15c-d693-4fe6-8092-fb4769159460">
      <Output>
        <ErrorInfo>
          <Message>Assert.AreNotEqual failed. Expected any value except:&lt;True&gt;. Actual:&lt;True&gt;. </Message>
          <StackTrace>   at WorkTests.EmailTest.EmailTest_EmailSubject_ShouldContainText() in C:\DEVELOPMENT\TFS\jobs website\Main\Work\WorkTests\EmailTest.cs:line 73
</StackTrace>
        </ErrorInfo>
      </Output>
    </UnitTestResult>
  </Results>
</TestRun>